2024-10-02 14:03:03,689 INFO:Bot started
2024-10-02 14:03:05,319 WARNING: * Running on all addresses.
   WARNING: This is a development server. Do not use it in a production deployment.
2024-10-02 14:03:05,381 INFO: * Running on http://192.168.0.105:5000/ (Press CTRL+C to quit)
2024-10-02 14:04:06,836 INFO:News Trader module started in test mode with params: {'spending_cap': 500}
2024-10-02 14:04:06,852 INFO:Fetched 2 news articles
2024-10-02 14:04:06,852 INFO:Started module news_trader in test mode
2024-10-02 14:04:06,852 INFO:Simulating trades...
2024-10-02 14:04:06,899 INFO:127.0.0.1 - - [02/Oct/2024 14:04:06] "POST /start_module HTTP/1.1" 200 -
2024-10-02 14:04:16,133 INFO:127.0.0.1 - - [02/Oct/2024 14:04:16] "GET /status HTTP/1.1" 200 -
2024-10-02 14:05:06,984 INFO:News Trader module stopped
2024-10-02 14:05:06,999 INFO:Stopped module news_trader
2024-10-02 14:05:06,999 INFO:127.0.0.1 - - [02/Oct/2024 14:05:06] "POST /stop_module HTTP/1.1" 200 -
2024-10-02 14:09:43,950 INFO:Bot stopped by user
2024-10-02 14:12:59,202 INFO:Bot started
2024-10-02 14:13:00,826 WARNING: * Running on all addresses.
   WARNING: This is a development server. Do not use it in a production deployment.
2024-10-02 14:13:00,873 INFO: * Running on http://192.168.0.105:5000/ (Press CTRL+C to quit)
2024-10-02 14:13:14,305 INFO:News Trader module started in test mode with params: {'spending_cap': 500.0}
2024-10-02 14:13:14,321 INFO:Started module news_trader in test mode
2024-10-02 14:13:14,321 INFO:Fetched 2 news articles
2024-10-02 14:13:14,369 INFO:127.0.0.1 - - [02/Oct/2024 14:13:14] "POST /start_module HTTP/1.1" 200 -
2024-10-02 14:13:14,415 INFO:Simulating trades...
2024-10-02 14:13:50,645 INFO:127.0.0.1 - - [02/Oct/2024 14:13:50] "GET /status HTTP/1.1" 200 -
2024-10-02 14:14:14,517 INFO:News Trader module stopped
2024-10-02 14:14:14,532 INFO:Stopped module news_trader
2024-10-02 14:14:14,532 INFO:127.0.0.1 - - [02/Oct/2024 14:14:14] "POST /stop_module HTTP/1.1" 200 -
2024-10-02 14:16:16,875 INFO:News Trader module started in test mode with params: {'spending_cap': 500.0}
2024-10-02 14:16:16,875 INFO:Fetched 2 news articles
2024-10-02 14:16:16,875 INFO:Started module news_trader in test mode
2024-10-02 14:16:16,907 INFO:Simulating trades...
2024-10-02 14:16:16,954 INFO:127.0.0.1 - - [02/Oct/2024 14:16:16] "POST /start_module HTTP/1.1" 200 -
2024-10-02 14:16:28,605 INFO:127.0.0.1 - - [02/Oct/2024 14:16:28] "[31m[1mPOST /start_module HTTP/1.1[0m" 400 -
2024-10-02 14:16:31,106 INFO:127.0.0.1 - - [02/Oct/2024 14:16:31] "GET /status HTTP/1.1" 200 -
2024-10-02 14:16:34,766 INFO:Bot started
2024-10-02 14:16:36,515 WARNING: * Running on all addresses.
   WARNING: This is a development server. Do not use it in a production deployment.
2024-10-02 14:16:36,592 INFO: * Running on http://192.168.0.105:5000/ (Press CTRL+C to quit)
2024-10-02 14:16:43,857 INFO:127.0.0.1 - - [02/Oct/2024 14:16:43] "GET /status HTTP/1.1" 200 -
2024-10-02 14:17:17,016 INFO:News Trader module stopped
2024-10-02 14:17:17,032 INFO:Stopped module news_trader
2024-10-02 14:17:17,032 INFO:127.0.0.1 - - [02/Oct/2024 14:17:17] "POST /stop_module HTTP/1.1" 200 -
2024-10-02 14:20:23,420 INFO:127.0.0.1 - - [02/Oct/2024 14:20:23] "GET /status HTTP/1.1" 200 -
2024-10-02 14:20:36,977 INFO:News Trader module started in test mode with params: {}
2024-10-02 14:20:36,992 INFO:Started module news_trader in test mode
2024-10-02 14:20:36,992 INFO:Fetched 2 news articles
2024-10-02 14:20:37,008 INFO:127.0.0.1 - - [02/Oct/2024 14:20:37] "POST /start_module HTTP/1.1" 200 -
2024-10-02 14:20:37,039 INFO:Simulating trades...
2024-10-02 14:20:45,425 INFO:127.0.0.1 - - [02/Oct/2024 14:20:45] "[31m[1mPOST /stop_module HTTP/1.1[0m" 400 -
2024-10-02 14:21:37,147 INFO:News Trader module stopped
2024-10-02 14:21:37,147 INFO:Stopped module news_trader
2024-10-02 14:21:37,148 INFO:127.0.0.1 - - [02/Oct/2024 14:21:37] "POST /stop_module HTTP/1.1" 200 -
2024-10-02 17:48:51,839 INFO:Bot stopped by user
2024-10-02 17:48:54,264 INFO:News Trader module started in test mode with params: {'spending_cap': 500.0}
2024-10-02 17:48:54,280 INFO:Started module news_trader in test mode
2024-10-02 17:48:54,280 INFO:Fetched 2 news articles
2024-10-02 17:48:54,328 INFO:127.0.0.1 - - [02/Oct/2024 17:48:54] "POST /start_module HTTP/1.1" 200 -
2024-10-02 17:48:54,376 INFO:Simulating trades...
2024-10-02 17:48:56,931 INFO:127.0.0.1 - - [02/Oct/2024 17:48:56] "GET /status HTTP/1.1" 200 -
2024-10-02 17:48:57,891 INFO:Bot stopped by user
2024-10-02 17:49:10,390 INFO:Bot started
2024-10-02 17:49:12,030 WARNING: * Running on all addresses.
   WARNING: This is a development server. Do not use it in a production deployment.
2024-10-02 17:49:12,108 INFO: * Running on http://192.168.0.105:5000/ (Press CTRL+C to quit)
2024-10-02 17:49:12,186 INFO:127.0.0.1 - - [02/Oct/2024 17:49:12] "GET /status HTTP/1.1" 200 -
2024-10-02 17:49:14,760 INFO:127.0.0.1 - - [02/Oct/2024 17:49:14] "[31m[1mPOST /stop_module HTTP/1.1[0m" 400 -
2024-10-02 17:50:04,900 INFO:127.0.0.1 - - [02/Oct/2024 17:50:04] "GET /status HTTP/1.1" 200 -
2024-10-02 17:50:18,631 INFO:News Trader module started in test mode with params: {}
2024-10-02 17:50:18,647 INFO:Fetched 2 news articles
2024-10-02 17:50:18,647 INFO:Started module news_trader in test mode
2024-10-02 17:50:18,679 INFO:Simulating trades...
2024-10-02 17:50:18,727 INFO:127.0.0.1 - - [02/Oct/2024 17:50:18] "POST /start_module HTTP/1.1" 200 -
2024-10-02 17:51:18,744 INFO:Fetched 2 news articles
2024-10-02 17:51:18,744 INFO:Simulating trades...
2024-10-02 17:52:18,774 INFO:Fetched 2 news articles
2024-10-02 17:52:18,789 INFO:Simulating trades...
2024-10-02 17:53:18,833 INFO:Fetched 2 news articles
2024-10-02 17:53:18,849 INFO:Simulating trades...
2024-10-02 17:54:18,872 INFO:Fetched 2 news articles
2024-10-02 17:54:18,887 INFO:Simulating trades...
2024-10-02 17:55:18,926 INFO:Fetched 2 news articles
2024-10-02 17:55:18,926 INFO:Simulating trades...
2024-10-02 17:56:18,950 INFO:Fetched 2 news articles
2024-10-02 17:56:18,965 INFO:Simulating trades...
2024-10-02 17:57:19,008 INFO:Fetched 2 news articles
2024-10-02 17:57:19,024 INFO:Simulating trades...
2024-10-02 17:58:19,054 INFO:Fetched 2 news articles
2024-10-02 17:58:19,070 INFO:Simulating trades...
2024-10-02 17:59:19,104 INFO:Fetched 2 news articles
2024-10-02 17:59:19,120 INFO:Simulating trades...
2024-10-02 18:00:19,141 INFO:Fetched 2 news articles
2024-10-02 18:00:19,141 INFO:Simulating trades...
2024-10-02 18:01:19,164 INFO:Fetched 2 news articles
2024-10-02 18:01:19,164 INFO:Simulating trades...
2024-10-02 18:02:19,181 INFO:Fetched 2 news articles
2024-10-02 18:02:19,181 INFO:Simulating trades...
2024-10-02 18:03:19,197 INFO:Fetched 2 news articles
2024-10-02 18:03:19,197 INFO:Simulating trades...
2024-10-02 18:04:19,219 INFO:Fetched 2 news articles
2024-10-02 18:04:19,235 INFO:Simulating trades...
2024-10-02 18:05:19,260 INFO:Fetched 2 news articles
2024-10-02 18:05:19,276 INFO:Simulating trades...
2024-10-02 18:06:19,303 INFO:Fetched 2 news articles
2024-10-02 18:06:19,318 INFO:Simulating trades...
2024-10-02 18:07:19,363 INFO:Fetched 2 news articles
2024-10-02 18:07:19,363 INFO:Simulating trades...
2024-10-02 18:08:19,386 INFO:Fetched 2 news articles
2024-10-02 18:08:19,401 INFO:Simulating trades...
2024-10-02 18:09:19,446 INFO:Fetched 2 news articles
2024-10-02 18:09:19,462 INFO:Simulating trades...
2024-10-02 18:10:19,486 INFO:Fetched 2 news articles
2024-10-02 18:10:19,502 INFO:Simulating trades...
2024-10-02 18:11:19,523 INFO:Fetched 2 news articles
2024-10-02 18:11:19,523 INFO:Simulating trades...
2024-10-02 18:12:19,563 INFO:Fetched 2 news articles
2024-10-02 18:12:19,563 INFO:Simulating trades...
2024-10-02 18:13:19,602 INFO:Fetched 2 news articles
2024-10-02 18:13:19,618 INFO:Simulating trades...
2024-10-02 18:14:19,656 INFO:Fetched 2 news articles
2024-10-02 18:14:19,672 INFO:Simulating trades...
2024-10-02 18:15:19,690 INFO:Fetched 2 news articles
2024-10-02 18:15:19,690 INFO:Simulating trades...
2024-10-02 18:16:19,718 INFO:Fetched 2 news articles
2024-10-02 18:16:19,718 INFO:Simulating trades...
2024-10-02 18:17:19,746 INFO:Fetched 2 news articles
2024-10-02 18:17:19,762 INFO:Simulating trades...
2024-10-02 18:18:19,804 INFO:Fetched 2 news articles
2024-10-02 18:18:19,804 INFO:Simulating trades...
2024-10-02 18:19:19,826 INFO:Fetched 2 news articles
2024-10-02 18:19:19,826 INFO:Simulating trades...
2024-10-02 18:20:19,848 INFO:Fetched 2 news articles
2024-10-02 18:20:19,864 INFO:Simulating trades...
2024-10-02 18:21:19,889 INFO:Fetched 2 news articles
2024-10-02 18:21:19,905 INFO:Simulating trades...
2024-10-02 18:22:19,930 INFO:Fetched 2 news articles
2024-10-02 18:22:19,930 INFO:Simulating trades...
2024-10-02 18:23:19,942 INFO:Fetched 2 news articles
2024-10-02 18:23:19,972 INFO:Simulating trades...
2024-10-02 18:24:20,014 INFO:Fetched 2 news articles
2024-10-02 18:24:20,014 INFO:Simulating trades...
2024-10-02 18:25:20,048 INFO:Fetched 2 news articles
2024-10-02 18:25:20,063 INFO:Simulating trades...
2024-10-02 18:26:20,093 INFO:Fetched 2 news articles
2024-10-02 18:26:20,093 INFO:Simulating trades...
2024-10-02 18:27:20,123 INFO:Fetched 2 news articles
2024-10-02 18:27:20,140 INFO:Simulating trades...
2024-10-02 18:28:20,179 INFO:Fetched 2 news articles
2024-10-02 18:28:20,195 INFO:Simulating trades...
2024-10-02 18:29:20,224 INFO:Fetched 2 news articles
2024-10-02 18:29:20,224 INFO:Simulating trades...
2024-10-02 18:30:20,287 INFO:Fetched 2 news articles
2024-10-02 18:30:20,303 INFO:Simulating trades...
2024-10-02 18:31:20,326 INFO:Fetched 2 news articles
2024-10-02 18:31:20,326 INFO:Simulating trades...
2024-10-02 18:32:20,354 INFO:Fetched 2 news articles
2024-10-02 18:32:20,354 INFO:Simulating trades...
2024-10-02 18:33:20,373 INFO:Fetched 2 news articles
2024-10-02 18:33:20,388 INFO:Simulating trades...
2024-10-02 18:34:20,408 INFO:Fetched 2 news articles
2024-10-02 18:34:20,424 INFO:Simulating trades...
2024-10-02 18:35:20,453 INFO:Fetched 2 news articles
2024-10-02 18:35:20,468 INFO:Simulating trades...
2024-10-02 18:36:20,484 INFO:Fetched 2 news articles
2024-10-02 18:36:20,500 INFO:Simulating trades...
2024-10-02 18:37:20,546 INFO:Fetched 2 news articles
2024-10-02 18:37:20,562 INFO:Simulating trades...
2024-10-02 18:38:20,600 INFO:Fetched 2 news articles
2024-10-02 18:38:20,600 INFO:Simulating trades...
2024-10-02 18:39:20,618 INFO:Fetched 2 news articles
2024-10-02 18:39:20,634 INFO:Simulating trades...
2024-10-02 18:40:20,668 INFO:Fetched 2 news articles
2024-10-02 18:40:20,684 INFO:Simulating trades...
2024-10-02 18:41:20,709 INFO:Fetched 2 news articles
2024-10-02 18:41:20,709 INFO:Simulating trades...
2024-10-02 18:42:20,729 INFO:Fetched 2 news articles
2024-10-02 18:42:20,745 INFO:Simulating trades...
2024-10-02 18:43:20,768 INFO:Fetched 2 news articles
2024-10-02 18:43:20,768 INFO:Simulating trades...
2024-10-02 18:44:20,794 INFO:Fetched 2 news articles
2024-10-02 18:44:20,810 INFO:Simulating trades...
2024-10-02 18:45:20,847 INFO:Fetched 2 news articles
2024-10-02 18:45:20,847 INFO:Simulating trades...
2024-10-02 18:46:20,860 INFO:Fetched 2 news articles
2024-10-02 18:46:20,860 INFO:Simulating trades...
2024-10-02 18:47:20,901 INFO:Fetched 2 news articles
2024-10-02 18:47:20,917 INFO:Simulating trades...
2024-10-02 18:48:20,951 INFO:Fetched 2 news articles
2024-10-02 18:48:20,967 INFO:Simulating trades...
2024-10-02 18:49:21,009 INFO:Fetched 2 news articles
2024-10-02 18:49:21,009 INFO:Simulating trades...
2024-10-02 18:50:21,023 INFO:Fetched 2 news articles
2024-10-02 18:50:21,023 INFO:Simulating trades...
2024-10-02 18:51:21,069 INFO:Fetched 2 news articles
2024-10-02 18:51:21,069 INFO:Simulating trades...
2024-10-02 18:52:21,096 INFO:Fetched 2 news articles
2024-10-02 18:52:21,112 INFO:Simulating trades...
2024-10-02 18:53:21,153 INFO:Fetched 2 news articles
2024-10-02 18:53:21,169 INFO:Simulating trades...
2024-10-02 18:54:21,210 INFO:Fetched 2 news articles
2024-10-02 18:54:21,210 INFO:Simulating trades...
2024-10-02 18:55:21,222 INFO:Fetched 2 news articles
2024-10-02 18:55:21,252 INFO:Simulating trades...
2024-10-02 18:56:21,275 INFO:Fetched 2 news articles
2024-10-02 18:56:21,275 INFO:Simulating trades...
2024-10-02 18:57:21,292 INFO:Fetched 2 news articles
2024-10-02 18:57:21,308 INFO:Simulating trades...
2024-10-02 18:58:21,350 INFO:Fetched 2 news articles
2024-10-02 18:58:21,350 INFO:Simulating trades...
2024-10-02 18:59:21,382 INFO:Fetched 2 news articles
2024-10-02 18:59:21,398 INFO:Simulating trades...
2024-10-02 19:00:21,424 INFO:Fetched 2 news articles
2024-10-02 19:00:21,439 INFO:Simulating trades...
2024-10-02 19:01:21,469 INFO:Fetched 2 news articles
2024-10-02 19:01:21,485 INFO:Simulating trades...
2024-10-02 19:02:21,509 INFO:Fetched 2 news articles
2024-10-02 19:02:21,524 INFO:Simulating trades...
2024-10-02 19:03:21,547 INFO:Fetched 2 news articles
2024-10-02 19:03:21,563 INFO:Simulating trades...
2024-10-02 19:04:21,565 INFO:Fetched 2 news articles
2024-10-02 19:04:21,565 INFO:Simulating trades...
2024-10-02 19:05:21,609 INFO:Fetched 2 news articles
2024-10-02 19:05:21,609 INFO:Simulating trades...
2024-10-02 19:06:21,627 INFO:Fetched 2 news articles
2024-10-02 19:06:21,627 INFO:Simulating trades...
2024-10-02 19:07:21,651 INFO:Fetched 2 news articles
2024-10-02 19:07:21,651 INFO:Simulating trades...
2024-10-02 19:08:21,681 INFO:Fetched 2 news articles
2024-10-02 19:08:21,697 INFO:Simulating trades...
2024-10-02 19:09:21,724 INFO:Fetched 2 news articles
2024-10-02 19:09:21,740 INFO:Simulating trades...
2024-10-02 19:10:21,772 INFO:Fetched 2 news articles
2024-10-02 19:10:21,788 INFO:Simulating trades...
2024-10-02 19:11:21,819 INFO:Fetched 2 news articles
2024-10-02 19:11:21,835 INFO:Simulating trades...
2024-10-02 19:12:21,853 INFO:Fetched 2 news articles
2024-10-02 19:12:21,869 INFO:Simulating trades...
2024-10-02 19:13:21,902 INFO:Fetched 2 news articles
2024-10-02 19:13:21,902 INFO:Simulating trades...
2024-10-02 19:14:21,935 INFO:Fetched 2 news articles
2024-10-02 19:14:21,935 INFO:Simulating trades...
2024-10-02 19:15:21,963 INFO:Fetched 2 news articles
2024-10-02 19:15:21,963 INFO:Simulating trades...
2024-10-02 19:16:22,000 INFO:Fetched 2 news articles
2024-10-02 19:16:22,016 INFO:Simulating trades...
2024-10-02 19:17:22,040 INFO:Fetched 2 news articles
2024-10-02 19:17:22,055 INFO:Simulating trades...
2024-10-02 19:18:22,076 INFO:Fetched 2 news articles
2024-10-02 19:18:22,076 INFO:Simulating trades...
2024-10-02 19:19:22,089 INFO:Fetched 2 news articles
2024-10-02 19:19:22,089 INFO:Simulating trades...
2024-10-02 19:20:22,109 INFO:Fetched 2 news articles
2024-10-02 19:20:22,124 INFO:Simulating trades...
2024-10-02 19:21:22,162 INFO:Fetched 2 news articles
2024-10-02 19:21:22,178 INFO:Simulating trades...
2024-10-02 19:22:22,201 INFO:Fetched 2 news articles
2024-10-02 19:22:22,201 INFO:Simulating trades...
2024-10-02 19:23:22,216 INFO:Fetched 2 news articles
2024-10-02 19:23:22,232 INFO:Simulating trades...
2024-10-02 19:24:22,248 INFO:Fetched 2 news articles
2024-10-02 19:24:22,248 INFO:Simulating trades...
2024-10-02 19:25:22,269 INFO:Fetched 2 news articles
2024-10-02 19:25:22,269 INFO:Simulating trades...
2024-10-02 19:26:22,298 INFO:Fetched 2 news articles
2024-10-02 19:26:22,298 INFO:Simulating trades...
2024-10-02 19:27:22,322 INFO:Fetched 2 news articles
2024-10-02 19:27:22,337 INFO:Simulating trades...
2024-10-02 19:28:22,369 INFO:Fetched 2 news articles
2024-10-02 19:28:22,369 INFO:Simulating trades...
2024-10-02 19:29:22,385 INFO:Fetched 2 news articles
2024-10-02 19:29:22,401 INFO:Simulating trades...
2024-10-02 19:30:22,448 INFO:Fetched 2 news articles
2024-10-02 19:30:22,463 INFO:Simulating trades...
2024-10-02 19:31:22,494 INFO:Fetched 2 news articles
2024-10-02 19:31:22,510 INFO:Simulating trades...
2024-10-02 19:32:22,569 INFO:Fetched 2 news articles
2024-10-02 19:32:22,569 INFO:Simulating trades...
2024-10-02 19:33:22,600 INFO:Fetched 2 news articles
2024-10-02 19:33:22,616 INFO:Simulating trades...
2024-10-02 19:34:22,634 INFO:Fetched 2 news articles
2024-10-02 19:34:22,649 INFO:Simulating trades...
2024-10-02 19:35:22,688 INFO:Fetched 2 news articles
2024-10-02 19:35:22,688 INFO:Simulating trades...
2024-10-02 19:36:22,714 INFO:Fetched 2 news articles
2024-10-02 19:36:22,714 INFO:Simulating trades...
2024-10-02 19:37:22,735 INFO:Fetched 2 news articles
2024-10-02 19:37:22,735 INFO:Simulating trades...
2024-10-02 19:38:22,765 INFO:Fetched 2 news articles
2024-10-02 19:38:22,765 INFO:Simulating trades...
2024-10-02 19:39:22,782 INFO:Fetched 2 news articles
2024-10-02 19:39:22,782 INFO:Simulating trades...
2024-10-02 19:40:22,800 INFO:Fetched 2 news articles
2024-10-02 19:40:22,815 INFO:Simulating trades...
2024-10-02 19:41:22,852 INFO:Fetched 2 news articles
2024-10-02 19:41:22,852 INFO:Simulating trades...
2024-10-02 19:42:22,868 INFO:Fetched 2 news articles
2024-10-02 19:42:22,884 INFO:Simulating trades...
2024-10-02 19:43:22,904 INFO:Fetched 2 news articles
2024-10-02 19:43:22,904 INFO:Simulating trades...
2024-10-02 19:44:22,925 INFO:Fetched 2 news articles
2024-10-02 19:44:22,941 INFO:Simulating trades...
2024-10-02 19:45:22,985 INFO:Fetched 2 news articles
2024-10-02 19:45:23,001 INFO:Simulating trades...
2024-10-02 19:46:23,031 INFO:Fetched 2 news articles
2024-10-02 19:46:23,031 INFO:Simulating trades...
2024-10-02 19:47:23,051 INFO:Fetched 2 news articles
2024-10-02 19:47:23,067 INFO:Simulating trades...
2024-10-02 19:48:23,094 INFO:Fetched 2 news articles
2024-10-02 19:48:23,094 INFO:Simulating trades...
2024-10-02 19:49:23,116 INFO:Fetched 2 news articles
2024-10-02 19:49:23,116 INFO:Simulating trades...
2024-10-02 19:50:23,160 INFO:Fetched 2 news articles
2024-10-02 19:50:23,176 INFO:Simulating trades...
2024-10-02 19:51:23,206 INFO:Fetched 2 news articles
2024-10-02 19:51:23,222 INFO:Simulating trades...
2024-10-02 19:52:23,255 INFO:Fetched 2 news articles
2024-10-02 19:52:23,255 INFO:Simulating trades...
2024-10-02 19:53:23,288 INFO:Fetched 2 news articles
2024-10-02 19:53:23,288 INFO:Simulating trades...
2024-10-02 19:54:23,322 INFO:Fetched 2 news articles
2024-10-02 19:54:23,322 INFO:Simulating trades...
2024-10-02 19:55:23,350 INFO:Fetched 2 news articles
2024-10-02 19:55:23,350 INFO:Simulating trades...
2024-10-02 19:56:23,374 INFO:Fetched 2 news articles
2024-10-02 19:56:23,374 INFO:Simulating trades...
2024-10-02 19:57:23,390 INFO:Fetched 2 news articles
2024-10-02 19:57:23,390 INFO:Simulating trades...
2024-10-02 19:58:23,414 INFO:Fetched 2 news articles
2024-10-02 19:58:23,414 INFO:Simulating trades...
2024-10-02 19:59:23,434 INFO:Fetched 2 news articles
2024-10-02 19:59:23,450 INFO:Simulating trades...
2024-10-02 20:00:23,495 INFO:Fetched 2 news articles
2024-10-02 20:00:23,511 INFO:Simulating trades...
2024-10-02 20:01:23,536 INFO:Fetched 2 news articles
2024-10-02 20:01:23,552 INFO:Simulating trades...
2024-10-02 20:02:23,580 INFO:Fetched 2 news articles
2024-10-02 20:02:23,595 INFO:Simulating trades...
2024-10-02 20:03:23,616 INFO:Fetched 2 news articles
2024-10-02 20:03:23,616 INFO:Simulating trades...
2024-10-02 20:04:23,648 INFO:Fetched 2 news articles
2024-10-02 20:04:23,648 INFO:Simulating trades...
2024-10-02 20:05:23,691 INFO:Fetched 2 news articles
2024-10-02 20:05:23,691 INFO:Simulating trades...
2024-10-02 20:06:23,720 INFO:Fetched 2 news articles
2024-10-02 20:06:23,735 INFO:Simulating trades...
2024-10-02 20:07:23,761 INFO:Fetched 2 news articles
2024-10-02 20:07:23,776 INFO:Simulating trades...
2024-10-02 20:08:23,820 INFO:Fetched 2 news articles
2024-10-02 20:08:23,836 INFO:Simulating trades...
2024-10-02 20:09:23,876 INFO:Fetched 2 news articles
2024-10-02 20:09:23,892 INFO:Simulating trades...
2024-10-02 20:10:23,938 INFO:Fetched 2 news articles
2024-10-02 20:10:23,938 INFO:Simulating trades...
2024-10-02 20:11:23,969 INFO:Fetched 2 news articles
2024-10-02 20:11:23,985 INFO:Simulating trades...
2024-10-02 20:12:24,003 INFO:Fetched 2 news articles
2024-10-02 20:12:24,019 INFO:Simulating trades...
2024-10-02 20:13:24,050 INFO:Fetched 2 news articles
2024-10-02 20:13:24,066 INFO:Simulating trades...
2024-10-02 20:14:24,085 INFO:Fetched 2 news articles
2024-10-02 20:14:24,101 INFO:Simulating trades...
2024-10-02 20:15:24,121 INFO:Fetched 2 news articles
2024-10-02 20:15:24,121 INFO:Simulating trades...
2024-10-02 20:16:24,138 INFO:Fetched 2 news articles
2024-10-02 20:16:24,138 INFO:Simulating trades...
2024-10-02 20:17:24,179 INFO:Fetched 2 news articles
2024-10-02 20:17:24,195 INFO:Simulating trades...
2024-10-02 20:18:24,237 INFO:Fetched 2 news articles
2024-10-02 20:18:24,237 INFO:Simulating trades...
2024-10-02 20:19:24,263 INFO:Fetched 2 news articles
2024-10-02 20:19:24,263 INFO:Simulating trades...
2024-10-02 20:20:24,292 INFO:Fetched 2 news articles
2024-10-02 20:20:24,308 INFO:Simulating trades...
2024-10-02 20:21:24,341 INFO:Fetched 2 news articles
2024-10-02 20:21:24,356 INFO:Simulating trades...
2024-10-02 20:22:24,383 INFO:Fetched 2 news articles
2024-10-02 20:22:24,383 INFO:Simulating trades...
2024-10-02 20:23:24,411 INFO:Fetched 2 news articles
2024-10-02 20:23:24,411 INFO:Simulating trades...
2024-10-02 20:24:24,430 INFO:Fetched 2 news articles
2024-10-02 20:24:24,446 INFO:Simulating trades...
2024-10-02 20:25:24,473 INFO:Fetched 2 news articles
2024-10-02 20:25:24,488 INFO:Simulating trades...
2024-10-02 20:26:24,537 INFO:Fetched 2 news articles
2024-10-02 20:26:24,553 INFO:Simulating trades...
2024-10-02 20:27:24,588 INFO:Fetched 2 news articles
2024-10-02 20:27:24,604 INFO:Simulating trades...
2024-10-02 20:28:24,639 INFO:Fetched 2 news articles
2024-10-02 20:28:24,654 INFO:Simulating trades...
2024-10-02 20:29:24,686 INFO:Fetched 2 news articles
2024-10-02 20:29:24,686 INFO:Simulating trades...
2024-10-02 20:30:24,711 INFO:Fetched 2 news articles
2024-10-02 20:30:24,727 INFO:Simulating trades...
2024-10-02 20:31:24,749 INFO:Fetched 2 news articles
2024-10-02 20:31:24,749 INFO:Simulating trades...
2024-10-02 20:32:24,775 INFO:Fetched 2 news articles
2024-10-02 20:32:24,775 INFO:Simulating trades...
2024-10-02 20:33:24,799 INFO:Fetched 2 news articles
2024-10-02 20:33:24,815 INFO:Simulating trades...
2024-10-02 20:34:24,836 INFO:Fetched 2 news articles
2024-10-02 20:34:24,852 INFO:Simulating trades...
2024-10-02 20:35:24,869 INFO:Fetched 2 news articles
2024-10-02 20:35:24,869 INFO:Simulating trades...
2024-10-02 20:36:24,891 INFO:Fetched 2 news articles
2024-10-02 20:36:24,907 INFO:Simulating trades...
2024-10-02 20:37:24,932 INFO:Fetched 2 news articles
2024-10-02 20:37:24,932 INFO:Simulating trades...
2024-10-02 20:38:24,958 INFO:Fetched 2 news articles
2024-10-02 20:38:24,958 INFO:Simulating trades...
2024-10-02 20:39:25,000 INFO:Fetched 2 news articles
2024-10-02 20:39:25,015 INFO:Simulating trades...
2024-10-02 20:40:25,061 INFO:Fetched 2 news articles
2024-10-02 20:40:25,061 INFO:Simulating trades...
2024-10-02 20:41:25,085 INFO:Fetched 2 news articles
2024-10-02 20:41:25,085 INFO:Simulating trades...
2024-10-02 20:42:25,106 INFO:Fetched 2 news articles
2024-10-02 20:42:25,122 INFO:Simulating trades...
2024-10-02 20:43:25,164 INFO:Fetched 2 news articles
2024-10-02 20:43:25,180 INFO:Simulating trades...
2024-10-02 20:44:25,226 INFO:Fetched 2 news articles
2024-10-02 20:44:25,241 INFO:Simulating trades...
2024-10-02 20:45:25,284 INFO:Fetched 2 news articles
2024-10-02 20:45:25,284 INFO:Simulating trades...
2024-10-02 20:46:25,306 INFO:Fetched 2 news articles
2024-10-02 20:46:25,306 INFO:Simulating trades...
2024-10-02 20:47:25,324 INFO:Fetched 2 news articles
2024-10-02 20:47:25,340 INFO:Simulating trades...
2024-10-02 20:48:25,363 INFO:Fetched 2 news articles
2024-10-02 20:48:25,379 INFO:Simulating trades...
2024-10-02 20:49:25,420 INFO:Fetched 2 news articles
2024-10-02 20:49:25,435 INFO:Simulating trades...
2024-10-02 20:50:25,469 INFO:Fetched 2 news articles
2024-10-02 20:50:25,485 INFO:Simulating trades...
2024-10-02 20:51:25,512 INFO:Fetched 2 news articles
2024-10-02 20:51:25,527 INFO:Simulating trades...
