2024-10-07 14:14:30,789 INFO:Bot started
2024-10-07 14:14:30,789 INFO:Configuration file has changed.
2024-10-07 14:14:30,790 INFO:Time to backup state.
2024-10-07 14:14:30,791 INFO:State backed up to backups/state_backup_1728303270.json.
2024-10-07 14:14:30,791 INFO:Heartbeat: Bot is running smoothly...
2024-10-07 14:14:31,675 WARNING: * Running on all addresses.
   WARNING: This is a development server. Do not use it in a production deployment.
2024-10-07 14:14:31,675 INFO: * Running on http://192.168.0.105:5000/ (Press CTRL+C to quit)
2024-10-07 14:15:07,174 INFO:127.0.0.1 - - [07/Oct/2024 14:15:07] "GET /status HTTP/1.1" 200 -
2024-10-07 14:15:30,802 INFO:Heartbeat: Bot is running smoothly...
2024-10-07 14:15:49,786 INFO:News Trader module started in test mode with params: {}
2024-10-07 14:15:49,786 INFO:Started module news_trader in test mode
2024-10-07 14:15:49,787 INFO:Fetched 9 news articles
2024-10-07 14:15:49,788 INFO:127.0.0.1 - - [07/Oct/2024 14:15:49] "POST /start_module HTTP/1.1" 200 -
2024-10-07 14:15:49,788 INFO:Simulating trades...
2024-10-07 14:16:30,808 INFO:Heartbeat: Bot is running smoothly...
2024-10-07 14:16:49,800 INFO:Fetched 6 news articles
2024-10-07 14:16:49,800 INFO:Simulating trades...
2024-10-07 14:17:30,811 INFO:Heartbeat: Bot is running smoothly...
2024-10-07 14:17:49,816 INFO:Fetched 9 news articles
2024-10-07 14:17:49,816 INFO:Simulating trades...
2024-10-07 14:18:30,812 INFO:Heartbeat: Bot is running smoothly...
2024-10-07 14:18:49,823 INFO:Fetched 7 news articles
2024-10-07 14:18:49,823 INFO:Simulating trades...
2024-10-07 14:19:30,824 INFO:Heartbeat: Bot is running smoothly...
2024-10-07 14:19:49,831 INFO:Fetched 6 news articles
2024-10-07 14:19:49,831 INFO:Simulating trades...
2024-10-07 14:20:30,833 INFO:Heartbeat: Bot is running smoothly...
2024-10-07 14:20:49,845 INFO:Fetched 8 news articles
2024-10-07 14:20:49,845 INFO:Simulating trades...
2024-10-07 14:21:30,838 INFO:Heartbeat: Bot is running smoothly...
2024-10-07 14:21:49,855 INFO:Fetched 5 news articles
2024-10-07 14:21:49,855 INFO:Simulating trades...
2024-10-07 14:22:30,853 INFO:Heartbeat: Bot is running smoothly...
2024-10-07 14:22:49,869 INFO:Fetched 10 news articles
2024-10-07 14:22:49,869 INFO:Simulating trades...
2024-10-07 14:23:30,865 INFO:Heartbeat: Bot is running smoothly...
2024-10-07 14:23:49,872 INFO:Fetched 10 news articles
2024-10-07 14:23:49,872 INFO:Simulating trades...
2024-10-07 14:24:30,877 INFO:Heartbeat: Bot is running smoothly...
2024-10-07 14:24:49,879 INFO:Fetched 5 news articles
2024-10-07 14:24:49,879 INFO:Simulating trades...
2024-10-07 14:25:30,888 INFO:Heartbeat: Bot is running smoothly...
2024-10-07 14:25:49,884 INFO:Fetched 5 news articles
2024-10-07 14:25:49,884 INFO:Simulating trades...
2024-10-07 14:26:30,902 INFO:Heartbeat: Bot is running smoothly...
2024-10-07 14:26:49,898 INFO:Fetched 9 news articles
2024-10-07 14:26:49,898 INFO:Simulating trades...
2024-10-07 14:27:30,908 INFO:Heartbeat: Bot is running smoothly...
2024-10-07 14:27:32,790 INFO:Bot stopped by user
